[1206/150914.654:ERROR:directory_reader_win.cc(43)] FindFirstFile: The system cannot find the path specified. (0x3)
[1206/174227.043:ERROR:directory_reader_win.cc(43)] FindFirstFile: The system cannot find the path specified. (0x3)
[1206/195933.262:ERROR:directory_reader_win.cc(43)] FindFirstFile: The system cannot find the path specified. (0x3)
[1206/200039.539:ERROR:directory_reader_win.cc(43)] FindFirstFile: The system cannot find the path specified. (0x3)
[1208/004339.549:ERROR:process_reader_win.cc(123)] NtOpenThread: {Access Denied} A process has requested access to an object, but has not been granted those access rights. (0xc0000022)
[1208/004339.554:ERROR:exception_snapshot_win.cc(99)] thread ID 17396 not found in process
[1208/004339.763:ERROR:process_reader_win.cc(151)] SuspendThread: Access is denied. (0x5)
[1208/004339.764:ERROR:process_reader_win.cc(151)] SuspendThread: Access is denied. (0x5)
[1208/004339.764:ERROR:process_reader_win.cc(123)] NtOpenThread: {Access Denied} A process has requested access to an object, but has not been granted those access rights. (0xc0000022)
[1208/004339.764:ERROR:exception_snapshot_win.cc(99)] thread ID 17548 not found in process
[1208/004340.048:ERROR:process_reader_win.cc(123)] NtOpenThread: {Access Denied} A process has requested access to an object, but has not been granted those access rights. (0xc0000022)
[1208/004340.049:ERROR:exception_snapshot_win.cc(99)] thread ID 3144 not found in process
[1208/004340.346:ERROR:process_reader_win.cc(123)] NtOpenThread: {Access Denied} A process has requested access to an object, but has not been granted those access rights. (0xc0000022)
[1208/004340.347:ERROR:exception_snapshot_win.cc(99)] thread ID 18400 not found in process
[1208/024217.630:ERROR:process_reader_win.cc(151)] SuspendThread: Access is denied. (0x5)
[1208/024217.656:ERROR:process_reader_win.cc(151)] SuspendThread: Access is denied. (0x5)
[1208/024217.670:ERROR:process_reader_win.cc(123)] NtOpenThread: {Access Denied} A process has requested access to an object, but has not been granted those access rights. (0xc0000022)
[1208/024217.656:ERROR:process_reader_win.cc(123)] NtOpenThread: {Access Denied} A process has requested access to an object, but has not been granted those access rights. (0xc0000022)
[1208/024217.672:ERROR:exception_snapshot_win.cc(99)] thread ID 14120 not found in process
[1208/024217.672:ERROR:exception_snapshot_win.cc(99)] thread ID 10012 not found in process
[1208/024218.605:ERROR:process_reader_win.cc(123)] NtOpenThread: {Access Denied} A process has requested access to an object, but has not been granted those access rights. (0xc0000022)
[1208/024218.606:ERROR:exception_snapshot_win.cc(99)] thread ID 8548 not found in process
[1208/024218.651:ERROR:process_reader_win.cc(123)] NtOpenThread: {Access Denied} A process has requested access to an object, but has not been granted those access rights. (0xc0000022)
[1208/024218.651:ERROR:exception_snapshot_win.cc(99)] thread ID 17188 not found in process
[1208/054244.700:ERROR:scoped_process_suspend.cc(31)] NtSuspendProcess: An attempt was made to access an exiting process. (0xc000010a)
[1208/054244.701:ERROR:scoped_process_suspend.cc(31)] NtSuspendProcess: An attempt was made to access an exiting process. (0xc000010a)
[1208/054244.700:ERROR:scoped_process_suspend.cc(31)] NtSuspendProcess: An attempt was made to access an exiting process. (0xc000010a)
[1208/054245.398:ERROR:process_reader_win.cc(123)] NtOpenThread: {Access Denied} A process has requested access to an object, but has not been granted those access rights. (0xc0000022)
[1208/054245.398:ERROR:exception_snapshot_win.cc(99)] thread ID 17676 not found in process
[1208/054245.312:ERROR:process_info.cc(118)] ReadProcessMemory bool __cdecl crashpad::(anonymous namespace)::ReadStruct(HANDLE, crashpad::WinVMAddress, T *) [T = crashpad::process_types::PEB<crashpad::process_types::internal::Traits64>]: Only part of a ReadProcessMemory or WriteProcessMemory request was completed. (0x12B)
[1208/054245.625:ERROR:process_info.cc(551)] ReadProcessData failed
[1208/054245.312:ERROR:process_info.cc(118)] ReadProcessMemory bool __cdecl crashpad::(anonymous namespace)::ReadStruct(HANDLE, crashpad::WinVMAddress, T *) [T = crashpad::process_types::PEB<crashpad::process_types::internal::Traits64>]: Only part of a ReadProcessMemory or WriteProcessMemory request was completed. (0x12B)
[1208/054245.626:ERROR:process_info.cc(551)] ReadProcessData failed
[1208/054245.312:ERROR:process_info.cc(118)] ReadProcessMemory bool __cdecl crashpad::(anonymous namespace)::ReadStruct(HANDLE, crashpad::WinVMAddress, T *) [T = crashpad::process_types::PEB<crashpad::process_types::internal::Traits64>]: Only part of a ReadProcessMemory or WriteProcessMemory request was completed. (0x12B)
[1208/054245.627:ERROR:process_info.cc(551)] ReadProcessData failed
[1208/054246.103:ERROR:process_reader_win.cc(123)] NtOpenThread: {Access Denied} A process has requested access to an object, but has not been granted those access rights. (0xc0000022)
[1208/054246.105:ERROR:exception_snapshot_win.cc(99)] thread ID 15236 not found in process
[1208/064259.221:ERROR:process_reader_win.cc(151)] SuspendThread: Access is denied. (0x5)
[1208/064259.251:ERROR:process_reader_win.cc(151)] SuspendThread: Access is denied. (0x5)
[1208/064259.337:ERROR:process_reader_win.cc(151)] SuspendThread: Access is denied. (0x5)
[1208/064259.337:ERROR:process_reader_win.cc(151)] SuspendThread: Access is denied. (0x5)
[1208/064259.337:ERROR:process_reader_win.cc(151)] SuspendThread: Access is denied. (0x5)
[1208/064259.337:ERROR:process_reader_win.cc(151)] SuspendThread: Access is denied. (0x5)
[1208/064259.337:ERROR:process_reader_win.cc(151)] SuspendThread: Access is denied. (0x5)
[1208/064259.251:ERROR:process_reader_win.cc(123)] NtOpenThread: {Access Denied} A process has requested access to an object, but has not been granted those access rights. (0xc0000022)
[1208/064259.512:ERROR:exception_snapshot_win.cc(99)] thread ID 16208 not found in process
[1208/064259.337:ERROR:process_reader_win.cc(123)] NtOpenThread: {Access Denied} A process has requested access to an object, but has not been granted those access rights. (0xc0000022)
[1208/064259.514:ERROR:exception_snapshot_win.cc(99)] thread ID 17112 not found in process
[1208/064259.958:ERROR:process_reader_win.cc(123)] NtOpenThread: {Access Denied} A process has requested access to an object, but has not been granted those access rights. (0xc0000022)
[1208/064259.958:ERROR:exception_snapshot_win.cc(99)] thread ID 8648 not found in process
[1208/074246.603:ERROR:process_reader_win.cc(123)] NtOpenThread: {Access Denied} A process has requested access to an object, but has not been granted those access rights. (0xc0000022)
[1208/074246.628:ERROR:exception_snapshot_win.cc(99)] thread ID 6152 not found in process
[1208/074246.685:ERROR:process_reader_win.cc(123)] NtOpenThread: {Access Denied} A process has requested access to an object, but has not been granted those access rights. (0xc0000022)
[1208/074246.685:ERROR:exception_snapshot_win.cc(99)] thread ID 16616 not found in process
[1208/074246.923:ERROR:process_reader_win.cc(123)] NtOpenThread: {Access Denied} A process has requested access to an object, but has not been granted those access rights. (0xc0000022)
[1208/074246.924:ERROR:exception_snapshot_win.cc(99)] thread ID 17048 not found in process
[1208/074246.954:ERROR:process_reader_win.cc(123)] NtOpenThread: {Access Denied} A process has requested access to an object, but has not been granted those access rights. (0xc0000022)
[1208/074246.954:ERROR:exception_snapshot_win.cc(99)] thread ID 16632 not found in process
[1208/084214.823:ERROR:process_reader_win.cc(123)] NtOpenThread: {Access Denied} A process has requested access to an object, but has not been granted those access rights. (0xc0000022)
[1208/084214.819:ERROR:process_reader_win.cc(123)] NtOpenThread: {Access Denied} A process has requested access to an object, but has not been granted those access rights. (0xc0000022)
[1208/084214.847:ERROR:process_reader_win.cc(123)] NtOpenThread: {Access Denied} A process has requested access to an object, but has not been granted those access rights. (0xc0000022)
[1208/084214.920:ERROR:exception_snapshot_win.cc(99)] thread ID 14268 not found in process
[1208/084214.920:ERROR:exception_snapshot_win.cc(99)] thread ID 10064 not found in process
[1208/084214.920:ERROR:exception_snapshot_win.cc(99)] thread ID 6016 not found in process
[1208/094209.099:ERROR:process_reader_win.cc(123)] NtOpenThread: {Access Denied} A process has requested access to an object, but has not been granted those access rights. (0xc0000022)
